2013-05-22 00:32:03,524 [localhost-startStop-1] ERROR StackTrace  - Full Stack Trace:
java.lang.NoClassDefFoundError: gasty/NoAuthorizationNecessary
	at java.lang.reflect.Proxy.defineClass0(Native Method)
	at java.lang.reflect.Proxy.getProxyClass0(Proxy.java:636)
	at java.lang.reflect.Proxy.newProxyInstance(Proxy.java:713)
	at sun.reflect.annotation.AnnotationParser.annotationForMap(AnnotationParser.java:258)
	at sun.reflect.annotation.AnnotationParser.parseAnnotation(AnnotationParser.java:248)
	at sun.reflect.annotation.AnnotationParser.parseAnnotations2(AnnotationParser.java:88)
	at sun.reflect.annotation.AnnotationParser.parseAnnotations(AnnotationParser.java:70)
	at java.lang.reflect.Method.declaredAnnotations(Method.java:699)
	at java.lang.reflect.Method.getDeclaredAnnotations(Method.java:692)
	at com.springsource.loaded.ri.ReflectiveInterceptor.jlrMethodGetDeclaredAnnotations(ReflectiveInterceptor.java:895)
	at com.springsource.loaded.ri.ReflectiveInterceptor.jlrMethodGetAnnotations(ReflectiveInterceptor.java:1463)
	at org.springframework.core.type.StandardAnnotationMetadata.hasAnnotatedMethods(StandardAnnotationMetadata.java:161)
	at org.springframework.context.annotation.ConfigurationClassUtils.isLiteConfigurationCandidate(ConfigurationClassUtils.java:106)
	at org.springframework.context.annotation.ConfigurationClassUtils.checkConfigurationClassCandidate(ConfigurationClassUtils.java:87)
	at org.springframework.context.annotation.ConfigurationClassPostProcessor.processConfigBeanDefinitions(ConfigurationClassPostProcessor.java:233)
	at org.springframework.context.annotation.ConfigurationClassPostProcessor.postProcessBeanDefinitionRegistry(ConfigurationClassPostProcessor.java:203)
	at org.springframework.context.support.AbstractApplicationContext.invokeBeanFactoryPostProcessors(AbstractApplicationContext.java:622)
	at org.springframework.context.support.AbstractApplicationContext.refresh(AbstractApplicationContext.java:451)
	at org.codehaus.groovy.grails.commons.spring.DefaultRuntimeSpringConfiguration.getApplicationContext(DefaultRuntimeSpringConfiguration.java:153)
	at org.codehaus.groovy.grails.commons.spring.GrailsRuntimeConfigurator.configure(GrailsRuntimeConfigurator.java:170)
	at org.codehaus.groovy.grails.commons.spring.GrailsRuntimeConfigurator.configure(GrailsRuntimeConfigurator.java:127)
	at org.codehaus.groovy.grails.web.context.GrailsConfigUtils.configureWebApplicationContext(GrailsConfigUtils.java:121)
	at org.codehaus.groovy.grails.web.context.GrailsContextLoader.initWebApplicationContext(GrailsContextLoader.java:104)
	at org.springframework.web.context.ContextLoaderListener.contextInitialized(ContextLoaderListener.java:111)
	at org.apache.catalina.core.StandardContext.listenerStart(StandardContext.java:4791)
	at org.apache.catalina.core.StandardContext.startInternal(StandardContext.java:5285)
	at org.apache.catalina.util.LifecycleBase.start(LifecycleBase.java:150)
	at org.apache.catalina.core.ContainerBase$StartChild.call(ContainerBase.java:1559)
	at org.apache.catalina.core.ContainerBase$StartChild.call(ContainerBase.java:1549)
	at java.util.concurrent.FutureTask$Sync.innerRun(FutureTask.java:334)
	at java.util.concurrent.FutureTask.run(FutureTask.java:166)
	at java.util.concurrent.ThreadPoolExecutor.runWorker(ThreadPoolExecutor.java:1145)
	at java.util.concurrent.ThreadPoolExecutor$Worker.run(ThreadPoolExecutor.java:615)
	at java.lang.Thread.run(Thread.java:722)
Caused by: java.lang.ClassNotFoundException: gasty.NoAuthorizationNecessary
	at org.codehaus.groovy.tools.RootLoader.findClass(RootLoader.java:156)
	at java.lang.ClassLoader.loadClass(ClassLoader.java:423)
	at org.codehaus.groovy.tools.RootLoader.loadClass(RootLoader.java:128)
	at org.codehaus.groovy.grails.cli.support.GrailsRootLoader.loadClass(GrailsRootLoader.java:52)
	at java.lang.ClassLoader.loadClass(ClassLoader.java:356)
	... 34 more
2013-05-22 00:32:03,525 [localhost-startStop-1] ERROR StackTrace  - Full Stack Trace:
java.lang.ClassNotFoundException: gasty.NoAuthorizationNecessary
	at org.codehaus.groovy.tools.RootLoader.findClass(RootLoader.java:156)
	at java.lang.ClassLoader.loadClass(ClassLoader.java:423)
	at org.codehaus.groovy.tools.RootLoader.loadClass(RootLoader.java:128)
	at org.codehaus.groovy.grails.cli.support.GrailsRootLoader.loadClass(GrailsRootLoader.java:52)
	at java.lang.ClassLoader.loadClass(ClassLoader.java:356)
	at java.lang.reflect.Proxy.defineClass0(Native Method)
	at java.lang.reflect.Proxy.getProxyClass0(Proxy.java:636)
	at java.lang.reflect.Proxy.newProxyInstance(Proxy.java:713)
	at sun.reflect.annotation.AnnotationParser.annotationForMap(AnnotationParser.java:258)
	at sun.reflect.annotation.AnnotationParser.parseAnnotation(AnnotationParser.java:248)
	at sun.reflect.annotation.AnnotationParser.parseAnnotations2(AnnotationParser.java:88)
	at sun.reflect.annotation.AnnotationParser.parseAnnotations(AnnotationParser.java:70)
	at java.lang.reflect.Method.declaredAnnotations(Method.java:699)
	at java.lang.reflect.Method.getDeclaredAnnotations(Method.java:692)
	at com.springsource.loaded.ri.ReflectiveInterceptor.jlrMethodGetDeclaredAnnotations(ReflectiveInterceptor.java:895)
	at com.springsource.loaded.ri.ReflectiveInterceptor.jlrMethodGetAnnotations(ReflectiveInterceptor.java:1463)
	at org.springframework.core.type.StandardAnnotationMetadata.hasAnnotatedMethods(StandardAnnotationMetadata.java:161)
	at org.springframework.context.annotation.ConfigurationClassUtils.isLiteConfigurationCandidate(ConfigurationClassUtils.java:106)
	at org.springframework.context.annotation.ConfigurationClassUtils.checkConfigurationClassCandidate(ConfigurationClassUtils.java:87)
	at org.springframework.context.annotation.ConfigurationClassPostProcessor.processConfigBeanDefinitions(ConfigurationClassPostProcessor.java:233)
	at org.springframework.context.annotation.ConfigurationClassPostProcessor.postProcessBeanDefinitionRegistry(ConfigurationClassPostProcessor.java:203)
	at org.springframework.context.support.AbstractApplicationContext.invokeBeanFactoryPostProcessors(AbstractApplicationContext.java:622)
	at org.springframework.context.support.AbstractApplicationContext.refresh(AbstractApplicationContext.java:451)
	at org.codehaus.groovy.grails.commons.spring.DefaultRuntimeSpringConfiguration.getApplicationContext(DefaultRuntimeSpringConfiguration.java:153)
	at org.codehaus.groovy.grails.commons.spring.GrailsRuntimeConfigurator.configure(GrailsRuntimeConfigurator.java:170)
	at org.codehaus.groovy.grails.commons.spring.GrailsRuntimeConfigurator.configure(GrailsRuntimeConfigurator.java:127)
	at org.codehaus.groovy.grails.web.context.GrailsConfigUtils.configureWebApplicationContext(GrailsConfigUtils.java:121)
	at org.codehaus.groovy.grails.web.context.GrailsContextLoader.initWebApplicationContext(GrailsContextLoader.java:104)
	at org.springframework.web.context.ContextLoaderListener.contextInitialized(ContextLoaderListener.java:111)
	at org.apache.catalina.core.StandardContext.listenerStart(StandardContext.java:4791)
	at org.apache.catalina.core.StandardContext.startInternal(StandardContext.java:5285)
	at org.apache.catalina.util.LifecycleBase.start(LifecycleBase.java:150)
	at org.apache.catalina.core.ContainerBase$StartChild.call(ContainerBase.java:1559)
	at org.apache.catalina.core.ContainerBase$StartChild.call(ContainerBase.java:1549)
	at java.util.concurrent.FutureTask$Sync.innerRun(FutureTask.java:334)
	at java.util.concurrent.FutureTask.run(FutureTask.java:166)
	at java.util.concurrent.ThreadPoolExecutor.runWorker(ThreadPoolExecutor.java:1145)
	at java.util.concurrent.ThreadPoolExecutor$Worker.run(ThreadPoolExecutor.java:615)
	at java.lang.Thread.run(Thread.java:722)
2013-05-22 00:32:03,526 [localhost-startStop-1] ERROR StackTrace  - Full Stack Trace:
java.lang.NoClassDefFoundError: gasty/NoAuthorizationNecessary
	at java.util.concurrent.FutureTask$Sync.innerRun(FutureTask.java:334)
	at java.util.concurrent.FutureTask.run(FutureTask.java:166)
	at java.util.concurrent.ThreadPoolExecutor.runWorker(ThreadPoolExecutor.java:1145)
	at java.util.concurrent.ThreadPoolExecutor$Worker.run(ThreadPoolExecutor.java:615)
	at java.lang.Thread.run(Thread.java:722)
Caused by: java.lang.ClassNotFoundException: gasty.NoAuthorizationNecessary
	at org.codehaus.groovy.tools.RootLoader.findClass(RootLoader.java:156)
	at java.lang.ClassLoader.loadClass(ClassLoader.java:423)
	at org.codehaus.groovy.tools.RootLoader.loadClass(RootLoader.java:128)
	at java.lang.ClassLoader.loadClass(ClassLoader.java:356)
	... 5 more
2013-05-22 00:32:03,526 [localhost-startStop-1] ERROR StackTrace  - Full Stack Trace:
java.lang.NoClassDefFoundError: gasty/NoAuthorizationNecessary
	at java.util.concurrent.FutureTask$Sync.innerRun(FutureTask.java:334)
	at java.util.concurrent.FutureTask.run(FutureTask.java:166)
	at java.util.concurrent.ThreadPoolExecutor.runWorker(ThreadPoolExecutor.java:1145)
	at java.util.concurrent.ThreadPoolExecutor$Worker.run(ThreadPoolExecutor.java:615)
	at java.lang.Thread.run(Thread.java:722)
Caused by: java.lang.ClassNotFoundException: gasty.NoAuthorizationNecessary
	at org.codehaus.groovy.tools.RootLoader.findClass(RootLoader.java:156)
	at java.lang.ClassLoader.loadClass(ClassLoader.java:423)
	at org.codehaus.groovy.tools.RootLoader.loadClass(RootLoader.java:128)
	at java.lang.ClassLoader.loadClass(ClassLoader.java:356)
	... 5 more
2013-05-22 00:32:03,526 [localhost-startStop-1] ERROR StackTrace  - Full Stack Trace:
java.lang.ClassNotFoundException: gasty.NoAuthorizationNecessary
	at org.codehaus.groovy.tools.RootLoader.findClass(RootLoader.java:156)
	at java.lang.ClassLoader.loadClass(ClassLoader.java:423)
	at org.codehaus.groovy.tools.RootLoader.loadClass(RootLoader.java:128)
	at java.lang.ClassLoader.loadClass(ClassLoader.java:356)
	at java.util.concurrent.FutureTask$Sync.innerRun(FutureTask.java:334)
	at java.util.concurrent.FutureTask.run(FutureTask.java:166)
	at java.util.concurrent.ThreadPoolExecutor.runWorker(ThreadPoolExecutor.java:1145)
	at java.util.concurrent.ThreadPoolExecutor$Worker.run(ThreadPoolExecutor.java:615)
	at java.lang.Thread.run(Thread.java:722)
2013-05-22 00:32:03,526 [localhost-startStop-1] ERROR StackTrace  - Full Stack Trace:
java.lang.NoClassDefFoundError: gasty/NoAuthorizationNecessary
	at java.util.concurrent.FutureTask$Sync.innerRun(FutureTask.java:334)
	at java.util.concurrent.FutureTask.run(FutureTask.java:166)
	at java.util.concurrent.ThreadPoolExecutor.runWorker(ThreadPoolExecutor.java:1145)
	at java.util.concurrent.ThreadPoolExecutor$Worker.run(ThreadPoolExecutor.java:615)
	at java.lang.Thread.run(Thread.java:722)
Caused by: java.lang.ClassNotFoundException: gasty.NoAuthorizationNecessary
	at org.codehaus.groovy.tools.RootLoader.findClass(RootLoader.java:156)
	at java.lang.ClassLoader.loadClass(ClassLoader.java:423)
	at org.codehaus.groovy.tools.RootLoader.loadClass(RootLoader.java:128)
	at java.lang.ClassLoader.loadClass(ClassLoader.java:356)
	... 5 more
